# JRE version: Java(TM) SE Runtime Environment (17.0.2+8) (build 17.0.2+8-LTS-86)
# Java VM: Java HotSpot(TM) 64-Bit Server VM (17.0.2+8-LTS-86, mixed mode, sharing, tiered, compressed oops, compressed class ptrs, serial gc, windows-amd64)
GC Precious Log:
 CPUs: 4 total, 4 available
 Memory: 1755M
 Large Page Support: Disabled
 NUMA Support: Disabled
 Compressed Oops: Enabled (32-bit)
 Heap Min Capacity: 8M
 Heap Initial Capacity: 28M
 Heap Max Capacity: 440M
 Pre-touch: Disabled
Heap:
 def new generation   total 8640K, used 3769K [0x00000000e4800000, 0x00000000e5150000, 0x00000000edaa0000)
  eden space 7744K,  37% used [0x00000000e4800000, 0x00000000e4ace4e0, 0x00000000e4f90000)
  from space 896K, 100% used [0x00000000e5070000, 0x00000000e5150000, 0x00000000e5150000)
  to   space 896K,   0% used [0x00000000e4f90000, 0x00000000e4f90000, 0x00000000e5070000)
 tenured generation   total 19136K, used 5126K [0x00000000edaa0000, 0x00000000eed50000, 0x0000000100000000)
   the space 19136K,  26% used [0x00000000edaa0000, 0x00000000edfa1b80, 0x00000000edfa1c00, 0x00000000eed50000)
 Metaspace       used 16865K, committed 17088K, reserved 1064960K
  class space    used 1898K, committed 2048K, reserved 1048576K
GC Heap History (6 events):
Event: 3.256 GC heap before
{Heap before GC invocations=0 (full 0):
 def new generation   total 8640K, used 7744K [0x00000000e4800000, 0x00000000e5150000, 0x00000000edaa0000)
  eden space 7744K, 100% used [0x00000000e4800000, 0x00000000e4f90000, 0x00000000e4f90000)
  from space 896K,   0% used [0x00000000e4f90000, 0x00000000e4f90000, 0x00000000e5070000)
  to   space 896K,   0% used [0x00000000e5070000, 0x00000000e5070000, 0x00000000e5150000)
 tenured generation   total 19136K, used 0K [0x00000000edaa0000, 0x00000000eed50000, 0x0000000100000000)
   the space 19136K,   0% used [0x00000000edaa0000, 0x00000000edaa0000, 0x00000000edaa0200, 0x00000000eed50000)
 Metaspace       used 9093K, committed 9344K, reserved 1056768K
  class space    used 1111K, committed 1216K, reserved 1048576K
}
Event: 3.286 GC heap after
{Heap after GC invocations=1 (full 0):
 def new generation   total 8640K, used 896K [0x00000000e4800000, 0x00000000e5150000, 0x00000000edaa0000)
  eden space 7744K,   0% used [0x00000000e4800000, 0x00000000e4800000, 0x00000000e4f90000)
  from space 896K, 100% used [0x00000000e5070000, 0x00000000e5150000, 0x00000000e5150000)
  to   space 896K,   0% used [0x00000000e4f90000, 0x00000000e4f90000, 0x00000000e5070000)
 tenured generation   total 19136K, used 2132K [0x00000000edaa0000, 0x00000000eed50000, 0x0000000100000000)
   the space 19136K,  11% used [0x00000000edaa0000, 0x00000000edcb5030, 0x00000000edcb5200, 0x00000000eed50000)
 Metaspace       used 9093K, committed 9344K, reserved 1056768K
  class space    used 1111K, committed 1216K, reserved 1048576K
}
Event: 5.130 GC heap before
{Heap before GC invocations=1 (full 0):
 def new generation   total 8640K, used 8640K [0x00000000e4800000, 0x00000000e5150000, 0x00000000edaa0000)
  eden space 7744K, 100% used [0x00000000e4800000, 0x00000000e4f90000, 0x00000000e4f90000)
  from space 896K, 100% used [0x00000000e5070000, 0x00000000e5150000, 0x00000000e5150000)
  to   space 896K,   0% used [0x00000000e4f90000, 0x00000000e4f90000, 0x00000000e5070000)
 tenured generation   total 19136K, used 2132K [0x00000000edaa0000, 0x00000000eed50000, 0x0000000100000000)
   the space 19136K,  11% used [0x00000000edaa0000, 0x00000000edcb5030, 0x00000000edcb5200, 0x00000000eed50000)
 Metaspace       used 12537K, committed 12800K, reserved 1064960K
  class space    used 1489K, committed 1600K, reserved 1048576K
}
Event: 5.159 GC heap after
{Heap after GC invocations=2 (full 0):
 def new generation   total 8640K, used 895K [0x00000000e4800000, 0x00000000e5150000, 0x00000000edaa0000)
  eden space 7744K,   0% used [0x00000000e4800000, 0x00000000e4800000, 0x00000000e4f90000)
  from space 896K,  99% used [0x00000000e4f90000, 0x00000000e506fff8, 0x00000000e5070000)
  to   space 896K,   0% used [0x00000000e5070000, 0x00000000e5070000, 0x00000000e5150000)
 tenured generation   total 19136K, used 3985K [0x00000000edaa0000, 0x00000000eed50000, 0x0000000100000000)
   the space 19136K,  20% used [0x00000000edaa0000, 0x00000000ede84678, 0x00000000ede84800, 0x00000000eed50000)
 Metaspace       used 12537K, committed 12800K, reserved 1064960K
  class space    used 1489K, committed 1600K, reserved 1048576K
}
Event: 10.108 GC heap before
{Heap before GC invocations=2 (full 0):
 def new generation   total 8640K, used 8639K [0x00000000e4800000, 0x00000000e5150000, 0x00000000edaa0000)
  eden space 7744K, 100% used [0x00000000e4800000, 0x00000000e4f90000, 0x00000000e4f90000)
  from space 896K,  99% used [0x00000000e4f90000, 0x00000000e506fff8, 0x00000000e5070000)
  to   space 896K,   0% used [0x00000000e5070000, 0x00000000e5070000, 0x00000000e5150000)
 tenured generation   total 19136K, used 3985K [0x00000000edaa0000, 0x00000000eed50000, 0x0000000100000000)
   the space 19136K,  20% used [0x00000000edaa0000, 0x00000000ede84678, 0x00000000ede84800, 0x00000000eed50000)
 Metaspace       used 16254K, committed 16448K, reserved 1064960K
  class space    used 1855K, committed 1984K, reserved 1048576K
}
Event: 10.128 GC heap after
{Heap after GC invocations=3 (full 0):
 def new generation   total 8640K, used 896K [0x00000000e4800000, 0x00000000e5150000, 0x00000000edaa0000)
  eden space 7744K,   0% used [0x00000000e4800000, 0x00000000e4800000, 0x00000000e4f90000)
  from space 896K, 100% used [0x00000000e5070000, 0x00000000e5150000, 0x00000000e5150000)
  to   space 896K,   0% used [0x00000000e4f90000, 0x00000000e4f90000, 0x00000000e5070000)
 tenured generation   total 19136K, used 5126K [0x00000000edaa0000, 0x00000000eed50000, 0x0000000100000000)
   the space 19136K,  26% used [0x00000000edaa0000, 0x00000000edfa1b80, 0x00000000edfa1c00, 0x00000000eed50000)
 Metaspace       used 16254K, committed 16448K, reserved 1064960K
  class space    used 1855K, committed 1984K, reserved 1048576K
}

