# JRE version: Java(TM) SE Runtime Environment (17.0.2+8) (build 17.0.2+8-LTS-86)
# Java VM: Java HotSpot(TM) 64-Bit Server VM (17.0.2+8-LTS-86, mixed mode, sharing, tiered, compressed oops, compressed class ptrs, serial gc, windows-amd64)
GC Precious Log:
 CPUs: 4 total, 4 available
 Memory: 1755M
 Large Page Support: Disabled
 NUMA Support: Disabled
 Compressed Oops: Enabled (32-bit)
 Heap Min Capacity: 8M
 Heap Initial Capacity: 28M
 Heap Max Capacity: 440M
 Pre-touch: Disabled
Heap:
 def new generation   total 8640K, used 1901K [0x00000000e4800000, 0x00000000e5150000, 0x00000000edaa0000)
  eden space 7744K,  12% used [0x00000000e4800000, 0x00000000e48fb408, 0x00000000e4f90000)
  from space 896K, 100% used [0x00000000e5070000, 0x00000000e5150000, 0x00000000e5150000)
  to   space 896K,   0% used [0x00000000e4f90000, 0x00000000e4f90000, 0x00000000e5070000)
 tenured generation   total 19136K, used 5239K [0x00000000edaa0000, 0x00000000eed50000, 0x0000000100000000)
   the space 19136K,  27% used [0x00000000edaa0000, 0x00000000edfbdf78, 0x00000000edfbe000, 0x00000000eed50000)
 Metaspace       used 16415K, committed 16640K, reserved 1064960K
  class space    used 1875K, committed 1984K, reserved 1048576K
GC Heap History (6 events):
Event: 3.877 GC heap before
{Heap before GC invocations=0 (full 0):
 def new generation   total 8640K, used 7744K [0x00000000e4800000, 0x00000000e5150000, 0x00000000edaa0000)
  eden space 7744K, 100% used [0x00000000e4800000, 0x00000000e4f90000, 0x00000000e4f90000)
  from space 896K,   0% used [0x00000000e4f90000, 0x00000000e4f90000, 0x00000000e5070000)
  to   space 896K,   0% used [0x00000000e5070000, 0x00000000e5070000, 0x00000000e5150000)
 tenured generation   total 19136K, used 0K [0x00000000edaa0000, 0x00000000eed50000, 0x0000000100000000)
   the space 19136K,   0% used [0x00000000edaa0000, 0x00000000edaa0000, 0x00000000edaa0200, 0x00000000eed50000)
 Metaspace       used 9105K, committed 9344K, reserved 1064960K
  class space    used 1111K, committed 1216K, reserved 1048576K
}
Event: 3.913 GC heap after
{Heap after GC invocations=1 (full 0):
 def new generation   total 8640K, used 896K [0x00000000e4800000, 0x00000000e5150000, 0x00000000edaa0000)
  eden space 7744K,   0% used [0x00000000e4800000, 0x00000000e4800000, 0x00000000e4f90000)
  from space 896K, 100% used [0x00000000e5070000, 0x00000000e5150000, 0x00000000e5150000)
  to   space 896K,   0% used [0x00000000e4f90000, 0x00000000e4f90000, 0x00000000e5070000)
 tenured generation   total 19136K, used 2131K [0x00000000edaa0000, 0x00000000eed50000, 0x0000000100000000)
   the space 19136K,  11% used [0x00000000edaa0000, 0x00000000edcb4f00, 0x00000000edcb5000, 0x00000000eed50000)
 Metaspace       used 9105K, committed 9344K, reserved 1064960K
  class space    used 1111K, committed 1216K, reserved 1048576K
}
Event: 6.096 GC heap before
{Heap before GC invocations=1 (full 0):
 def new generation   total 8640K, used 8640K [0x00000000e4800000, 0x00000000e5150000, 0x00000000edaa0000)
  eden space 7744K, 100% used [0x00000000e4800000, 0x00000000e4f90000, 0x00000000e4f90000)
  from space 896K, 100% used [0x00000000e5070000, 0x00000000e5150000, 0x00000000e5150000)
  to   space 896K,   0% used [0x00000000e4f90000, 0x00000000e4f90000, 0x00000000e5070000)
 tenured generation   total 19136K, used 2131K [0x00000000edaa0000, 0x00000000eed50000, 0x0000000100000000)
   the space 19136K,  11% used [0x00000000edaa0000, 0x00000000edcb4f00, 0x00000000edcb5000, 0x00000000eed50000)
 Metaspace       used 12554K, committed 12800K, reserved 1064960K
  class space    used 1489K, committed 1600K, reserved 1048576K
}
Event: 6.124 GC heap after
{Heap after GC invocations=2 (full 0):
 def new generation   total 8640K, used 896K [0x00000000e4800000, 0x00000000e5150000, 0x00000000edaa0000)
  eden space 7744K,   0% used [0x00000000e4800000, 0x00000000e4800000, 0x00000000e4f90000)
  from space 896K, 100% used [0x00000000e4f90000, 0x00000000e5070000, 0x00000000e5070000)
  to   space 896K,   0% used [0x00000000e5070000, 0x00000000e5070000, 0x00000000e5150000)
 tenured generation   total 19136K, used 3982K [0x00000000edaa0000, 0x00000000eed50000, 0x0000000100000000)
   the space 19136K,  20% used [0x00000000edaa0000, 0x00000000ede83b10, 0x00000000ede83c00, 0x00000000eed50000)
 Metaspace       used 12554K, committed 12800K, reserved 1064960K
  class space    used 1489K, committed 1600K, reserved 1048576K
}
Event: 11.321 GC heap before
{Heap before GC invocations=2 (full 0):
 def new generation   total 8640K, used 8640K [0x00000000e4800000, 0x00000000e5150000, 0x00000000edaa0000)
  eden space 7744K, 100% used [0x00000000e4800000, 0x00000000e4f90000, 0x00000000e4f90000)
  from space 896K, 100% used [0x00000000e4f90000, 0x00000000e5070000, 0x00000000e5070000)
  to   space 896K,   0% used [0x00000000e5070000, 0x00000000e5070000, 0x00000000e5150000)
 tenured generation   total 19136K, used 3982K [0x00000000edaa0000, 0x00000000eed50000, 0x0000000100000000)
   the space 19136K,  20% used [0x00000000edaa0000, 0x00000000ede83b10, 0x00000000ede83c00, 0x00000000eed50000)
 Metaspace       used 16330K, committed 16512K, reserved 1064960K
  class space    used 1874K, committed 1984K, reserved 1048576K
}
Event: 11.345 GC heap after
{Heap after GC invocations=3 (full 0):
 def new generation   total 8640K, used 896K [0x00000000e4800000, 0x00000000e5150000, 0x00000000edaa0000)
  eden space 7744K,   0% used [0x00000000e4800000, 0x00000000e4800000, 0x00000000e4f90000)
  from space 896K, 100% used [0x00000000e5070000, 0x00000000e5150000, 0x00000000e5150000)
  to   space 896K,   0% used [0x00000000e4f90000, 0x00000000e4f90000, 0x00000000e5070000)
 tenured generation   total 19136K, used 5239K [0x00000000edaa0000, 0x00000000eed50000, 0x0000000100000000)
   the space 19136K,  27% used [0x00000000edaa0000, 0x00000000edfbdf78, 0x00000000edfbe000, 0x00000000eed50000)
 Metaspace       used 16330K, committed 16512K, reserved 1064960K
  class space    used 1874K, committed 1984K, reserved 1048576K
}

