# JRE version: Java(TM) SE Runtime Environment (17.0.2+8) (build 17.0.2+8-LTS-86)
# Java VM: Java HotSpot(TM) 64-Bit Server VM (17.0.2+8-LTS-86, mixed mode, sharing, tiered, compressed oops, compressed class ptrs, serial gc, windows-amd64)
GC Precious Log:
 CPUs: 4 total, 4 available
 Memory: 1755M
 Large Page Support: Disabled
 NUMA Support: Disabled
 Compressed Oops: Enabled (32-bit)
 Heap Min Capacity: 8M
 Heap Initial Capacity: 28M
 Heap Max Capacity: 440M
 Pre-touch: Disabled
Heap:
 def new generation   total 8640K, used 2948K [0x00000000e4800000, 0x00000000e5150000, 0x00000000edaa0000)
  eden space 7744K,  26% used [0x00000000e4800000, 0x00000000e4a012c8, 0x00000000e4f90000)
  from space 896K,  99% used [0x00000000e5070000, 0x00000000e514fff8, 0x00000000e5150000)
  to   space 896K,   0% used [0x00000000e4f90000, 0x00000000e4f90000, 0x00000000e5070000)
 tenured generation   total 19136K, used 5124K [0x00000000edaa0000, 0x00000000eed50000, 0x0000000100000000)
   the space 19136K,  26% used [0x00000000edaa0000, 0x00000000edfa10f0, 0x00000000edfa1200, 0x00000000eed50000)
 Metaspace       used 16703K, committed 16896K, reserved 1064960K
  class space    used 1883K, committed 1984K, reserved 1048576K
GC Heap History (6 events):
Event: 5.441 GC heap before
{Heap before GC invocations=0 (full 0):
 def new generation   total 8640K, used 7744K [0x00000000e4800000, 0x00000000e5150000, 0x00000000edaa0000)
  eden space 7744K, 100% used [0x00000000e4800000, 0x00000000e4f90000, 0x00000000e4f90000)
  from space 896K,   0% used [0x00000000e4f90000, 0x00000000e4f90000, 0x00000000e5070000)
  to   space 896K,   0% used [0x00000000e5070000, 0x00000000e5070000, 0x00000000e5150000)
 tenured generation   total 19136K, used 0K [0x00000000edaa0000, 0x00000000eed50000, 0x0000000100000000)
   the space 19136K,   0% used [0x00000000edaa0000, 0x00000000edaa0000, 0x00000000edaa0200, 0x00000000eed50000)
 Metaspace       used 9115K, committed 9344K, reserved 1056768K
  class space    used 1112K, committed 1216K, reserved 1048576K
}
Event: 5.475 GC heap after
{Heap after GC invocations=1 (full 0):
 def new generation   total 8640K, used 895K [0x00000000e4800000, 0x00000000e5150000, 0x00000000edaa0000)
  eden space 7744K,   0% used [0x00000000e4800000, 0x00000000e4800000, 0x00000000e4f90000)
  from space 896K,  99% used [0x00000000e5070000, 0x00000000e514fff8, 0x00000000e5150000)
  to   space 896K,   0% used [0x00000000e4f90000, 0x00000000e4f90000, 0x00000000e5070000)
 tenured generation   total 19136K, used 2064K [0x00000000edaa0000, 0x00000000eed50000, 0x0000000100000000)
   the space 19136K,  10% used [0x00000000edaa0000, 0x00000000edca40a0, 0x00000000edca4200, 0x00000000eed50000)
 Metaspace       used 9115K, committed 9344K, reserved 1056768K
  class space    used 1112K, committed 1216K, reserved 1048576K
}
Event: 9.287 GC heap before
{Heap before GC invocations=1 (full 0):
 def new generation   total 8640K, used 8639K [0x00000000e4800000, 0x00000000e5150000, 0x00000000edaa0000)
  eden space 7744K, 100% used [0x00000000e4800000, 0x00000000e4f90000, 0x00000000e4f90000)
  from space 896K,  99% used [0x00000000e5070000, 0x00000000e514fff8, 0x00000000e5150000)
  to   space 896K,   0% used [0x00000000e4f90000, 0x00000000e4f90000, 0x00000000e5070000)
 tenured generation   total 19136K, used 2064K [0x00000000edaa0000, 0x00000000eed50000, 0x0000000100000000)
   the space 19136K,  10% used [0x00000000edaa0000, 0x00000000edca40a0, 0x00000000edca4200, 0x00000000eed50000)
 Metaspace       used 12580K, committed 12736K, reserved 1064960K
  class space    used 1490K, committed 1536K, reserved 1048576K
}
Event: 9.316 GC heap after
{Heap after GC invocations=2 (full 0):
 def new generation   total 8640K, used 896K [0x00000000e4800000, 0x00000000e5150000, 0x00000000edaa0000)
  eden space 7744K,   0% used [0x00000000e4800000, 0x00000000e4800000, 0x00000000e4f90000)
  from space 896K, 100% used [0x00000000e4f90000, 0x00000000e5070000, 0x00000000e5070000)
  to   space 896K,   0% used [0x00000000e5070000, 0x00000000e5070000, 0x00000000e5150000)
 tenured generation   total 19136K, used 3973K [0x00000000edaa0000, 0x00000000eed50000, 0x0000000100000000)
   the space 19136K,  20% used [0x00000000edaa0000, 0x00000000ede815e8, 0x00000000ede81600, 0x00000000eed50000)
 Metaspace       used 12580K, committed 12736K, reserved 1064960K
  class space    used 1490K, committed 1536K, reserved 1048576K
}
Event: 15.235 GC heap before
{Heap before GC invocations=2 (full 0):
 def new generation   total 8640K, used 8640K [0x00000000e4800000, 0x00000000e5150000, 0x00000000edaa0000)
  eden space 7744K, 100% used [0x00000000e4800000, 0x00000000e4f90000, 0x00000000e4f90000)
  from space 896K, 100% used [0x00000000e4f90000, 0x00000000e5070000, 0x00000000e5070000)
  to   space 896K,   0% used [0x00000000e5070000, 0x00000000e5070000, 0x00000000e5150000)
 tenured generation   total 19136K, used 3973K [0x00000000edaa0000, 0x00000000eed50000, 0x0000000100000000)
   the space 19136K,  20% used [0x00000000edaa0000, 0x00000000ede815e8, 0x00000000ede81600, 0x00000000eed50000)
 Metaspace       used 16313K, committed 16512K, reserved 1064960K
  class space    used 1856K, committed 1984K, reserved 1048576K
}
Event: 15.264 GC heap after
{Heap after GC invocations=3 (full 0):
 def new generation   total 8640K, used 895K [0x00000000e4800000, 0x00000000e5150000, 0x00000000edaa0000)
  eden space 7744K,   0% used [0x00000000e4800000, 0x00000000e4800000, 0x00000000e4f90000)
  from space 896K,  99% used [0x00000000e5070000, 0x00000000e514fff8, 0x00000000e5150000)
  to   space 896K,   0% used [0x00000000e4f90000, 0x00000000e4f90000, 0x00000000e5070000)
 tenured generation   total 19136K, used 5124K [0x00000000edaa0000, 0x00000000eed50000, 0x0000000100000000)
   the space 19136K,  26% used [0x00000000edaa0000, 0x00000000edfa10f0, 0x00000000edfa1200, 0x00000000eed50000)
 Metaspace       used 16313K, committed 16512K, reserved 1064960K
  class space    used 1856K, committed 1984K, reserved 1048576K
}

